Build started 05.10.2014 16:19:57.
     1>Project "H:\Development\c++\Thrust\Engine\Engine.vcxproj" on node 2 (Build target(s)).
     1>ClCompile:
         H:\Microsoft Visual Studio\VC\bin\CL.exe /c /Zi /nologo /W3 /WX- /MP /O2 /Oi /Ot /Oy- /GL /D WIN32 /D NDEBUG /D _WINDOWS /D _UNICODE /D UNICODE /Gm- /EHsc /MD /GS /Gy /arch:SSE2 /fp:fast /Zc:wchar_t /Zc:forScope /Fo"Release\\" /Fd"Release\vc120.pdb" /Gd /TP /analyze- /errorReport:prompt D3DGraphics.cpp dfxlib\dl_dxf.cpp dfxlib\dl_writer_ascii.cpp Keyboard.cpp Mouse.cpp Sound.cpp Timer.cpp Windows.cpp
         D3DGraphics.cpp
         dl_dxf.cpp
         dl_writer_ascii.cpp
         Keyboard.cpp
     1>h:\development\c++\thrust\engine\dfxlib\dl_dxf.h(325): warning C4996: 'strcpy': This function or variable may be unsafe. Consider using strcpy_s instead. To disable deprecation, use _CRT_SECURE_NO_WARNINGS. See online help for details. (dfxlib\dl_dxf.cpp)
                 H:\Microsoft Visual Studio\VC\include\string.h(112) : see declaration of 'strcpy'
     1>dfxlib\dl_writer_ascii.cpp(64): warning C4996: 'sprintf': This function or variable may be unsafe. Consider using sprintf_s instead. To disable deprecation, use _CRT_SECURE_NO_WARNINGS. See online help for details.
                 H:\Microsoft Visual Studio\VC\include\stdio.h(356) : see declaration of 'sprintf'
     1>dfxlib\dl_writer_ascii.cpp(112): warning C4996: 'sprintf': This function or variable may be unsafe. Consider using sprintf_s instead. To disable deprecation, use _CRT_SECURE_NO_WARNINGS. See online help for details.
                 H:\Microsoft Visual Studio\VC\include\stdio.h(356) : see declaration of 'sprintf'
     1>dfxlib\dl_dxf.cpp(130): warning C4996: 'fopen': This function or variable may be unsafe. Consider using fopen_s instead. To disable deprecation, use _CRT_SECURE_NO_WARNINGS. See online help for details.
                 H:\Microsoft Visual Studio\VC\include\stdio.h(211) : see declaration of 'fopen'
     1>dfxlib\dl_dxf.cpp(306): warning C4996: 'strncpy': This function or variable may be unsafe. Consider using strncpy_s instead. To disable deprecation, use _CRT_SECURE_NO_WARNINGS. See online help for details.
                 H:\Microsoft Visual Studio\VC\include\string.h(195) : see declaration of 'strncpy'
     1>dfxlib\dl_dxf.cpp(336): warning C4996: 'strncpy': This function or variable may be unsafe. Consider using strncpy_s instead. To disable deprecation, use _CRT_SECURE_NO_WARNINGS. See online help for details.
                 H:\Microsoft Visual Studio\VC\include\string.h(195) : see declaration of 'strncpy'
     1>dfxlib\dl_dxf.cpp(424): warning C4996: 'strcpy': This function or variable may be unsafe. Consider using strcpy_s instead. To disable deprecation, use _CRT_SECURE_NO_WARNINGS. See online help for details.
                 H:\Microsoft Visual Studio\VC\include\string.h(112) : see declaration of 'strcpy'
     1>dfxlib\dl_dxf.cpp(428): warning C4996: 'strcpy': This function or variable may be unsafe. Consider using strcpy_s instead. To disable deprecation, use _CRT_SECURE_NO_WARNINGS. See online help for details.
                 H:\Microsoft Visual Studio\VC\include\string.h(112) : see declaration of 'strcpy'
     1>dfxlib\dl_dxf.cpp(450): warning C4996: 'strcpy': This function or variable may be unsafe. Consider using strcpy_s instead. To disable deprecation, use _CRT_SECURE_NO_WARNINGS. See online help for details.
                 H:\Microsoft Visual Studio\VC\include\string.h(112) : see declaration of 'strcpy'
     1>dfxlib\dl_dxf.cpp(624): warning C4996: 'strncpy': This function or variable may be unsafe. Consider using strncpy_s instead. To disable deprecation, use _CRT_SECURE_NO_WARNINGS. See online help for details.
                 H:\Microsoft Visual Studio\VC\include\string.h(195) : see declaration of 'strncpy'
     1>dfxlib\dl_dxf.cpp(730): warning C4996: 'strncpy': This function or variable may be unsafe. Consider using strncpy_s instead. To disable deprecation, use _CRT_SECURE_NO_WARNINGS. See online help for details.
                 H:\Microsoft Visual Studio\VC\include\string.h(195) : see declaration of 'strncpy'
     1>dfxlib\dl_dxf.cpp(2069): warning C4996: 'strcpy': This function or variable may be unsafe. Consider using strcpy_s instead. To disable deprecation, use _CRT_SECURE_NO_WARNINGS. See online help for details.
                 H:\Microsoft Visual Studio\VC\include\string.h(112) : see declaration of 'strcpy'
     1>dfxlib\dl_dxf.cpp(2501): warning C4996: 'strncpy': This function or variable may be unsafe. Consider using strncpy_s instead. To disable deprecation, use _CRT_SECURE_NO_WARNINGS. See online help for details.
                 H:\Microsoft Visual Studio\VC\include\string.h(195) : see declaration of 'strncpy'
     1>dfxlib\dl_dxf.cpp(2505): warning C4996: 'strncpy': This function or variable may be unsafe. Consider using strncpy_s instead. To disable deprecation, use _CRT_SECURE_NO_WARNINGS. See online help for details.
                 H:\Microsoft Visual Studio\VC\include\string.h(195) : see declaration of 'strncpy'
         Mouse.cpp
     1>dfxlib\dl_dxf.cpp(4992): warning C4996: 'strncpy': This function or variable may be unsafe. Consider using strncpy_s instead. To disable deprecation, use _CRT_SECURE_NO_WARNINGS. See online help for details.
                 H:\Microsoft Visual Studio\VC\include\string.h(195) : see declaration of 'strncpy'
     1>dfxlib\dl_dxf.cpp(4995): warning C4996: 'strncpy': This function or variable may be unsafe. Consider using strncpy_s instead. To disable deprecation, use _CRT_SECURE_NO_WARNINGS. See online help for details.
                 H:\Microsoft Visual Studio\VC\include\string.h(195) : see declaration of 'strncpy'
     1>dfxlib\dl_dxf.cpp(4998): warning C4996: 'strncpy': This function or variable may be unsafe. Consider using strncpy_s instead. To disable deprecation, use _CRT_SECURE_NO_WARNINGS. See online help for details.
                 H:\Microsoft Visual Studio\VC\include\string.h(195) : see declaration of 'strncpy'
     1>dfxlib\dl_dxf.cpp(5001): warning C4996: 'strncpy': This function or variable may be unsafe. Consider using strncpy_s instead. To disable deprecation, use _CRT_SECURE_NO_WARNINGS. See online help for details.
                 H:\Microsoft Visual Studio\VC\include\string.h(195) : see declaration of 'strncpy'
     1>dfxlib\dl_dxf.cpp(5036): warning C4996: 'strcpy': This function or variable may be unsafe. Consider using strcpy_s instead. To disable deprecation, use _CRT_SECURE_NO_WARNINGS. See online help for details.
                 H:\Microsoft Visual Studio\VC\include\string.h(112) : see declaration of 'strcpy'
     1>dfxlib\dl_dxf.cpp(5037): warning C4996: 'strcpy': This function or variable may be unsafe. Consider using strcpy_s instead. To disable deprecation, use _CRT_SECURE_NO_WARNINGS. See online help for details.
                 H:\Microsoft Visual Studio\VC\include\string.h(112) : see declaration of 'strcpy'
     1>dfxlib\dl_dxf.cpp(5038): warning C4996: 'strcpy': This function or variable may be unsafe. Consider using strcpy_s instead. To disable deprecation, use _CRT_SECURE_NO_WARNINGS. See online help for details.
                 H:\Microsoft Visual Studio\VC\include\string.h(112) : see declaration of 'strcpy'
     1>dfxlib\dl_dxf.cpp(5039): warning C4996: 'strcpy': This function or variable may be unsafe. Consider using strcpy_s instead. To disable deprecation, use _CRT_SECURE_NO_WARNINGS. See online help for details.
                 H:\Microsoft Visual Studio\VC\include\string.h(112) : see declaration of 'strcpy'
     1>dfxlib\dl_dxf.cpp(5040): warning C4996: 'strcpy': This function or variable may be unsafe. Consider using strcpy_s instead. To disable deprecation, use _CRT_SECURE_NO_WARNINGS. See online help for details.
                 H:\Microsoft Visual Studio\VC\include\string.h(112) : see declaration of 'strcpy'
     1>dfxlib\dl_dxf.cpp(5041): warning C4996: 'strcpy': This function or variable may be unsafe. Consider using strcpy_s instead. To disable deprecation, use _CRT_SECURE_NO_WARNINGS. See online help for details.
                 H:\Microsoft Visual Studio\VC\include\string.h(112) : see declaration of 'strcpy'
         Sound.cpp
         Timer.cpp
         Windows.cpp
     1>h:\development\c++\thrust\engine\dfxlib\dl_dxf.h(325): warning C4996: 'strcpy': This function or variable may be unsafe. Consider using strcpy_s instead. To disable deprecation, use _CRT_SECURE_NO_WARNINGS. See online help for details. (Windows.cpp)
                 H:\Microsoft Visual Studio\VC\include\string.h(112) : see declaration of 'strcpy'
         H:\Microsoft Visual Studio\VC\bin\CL.exe /c /Zi /nologo /W3 /WX- /MP /O2 /Oi /Ot /Oy- /GL /D WIN32 /D NDEBUG /D _WINDOWS /D _UNICODE /D UNICODE /Gm- /EHsc /MD /GS- /Gy /arch:SSE2 /fp:fast /Zc:wchar_t /Zc:forScope /Fo"Release\\" /Fd"Release\vc120.pdb" /Gd /TP /analyze- /errorReport:prompt Game.cpp
         Game.cpp
     1>h:\development\c++\thrust\engine\dfxlib\dl_dxf.h(325): warning C4996: 'strcpy': This function or variable may be unsafe. Consider using strcpy_s instead. To disable deprecation, use _CRT_SECURE_NO_WARNINGS. See online help for details.
                 H:\Microsoft Visual Studio\VC\include\string.h(112) : see declaration of 'strcpy'
       Link:
         H:\Microsoft Visual Studio\VC\bin\link.exe /ERRORREPORT:PROMPT /OUT:"H:\Development\c++\Thrust\Release\Engine.exe" /INCREMENTAL:NO /NOLOGO kernel32.lib user32.lib gdi32.lib winspool.lib comdlg32.lib advapi32.lib shell32.lib ole32.lib oleaut32.lib uuid.lib odbc32.lib odbccp32.lib /MANIFEST /MANIFESTUAC:"level='asInvoker' uiAccess='false'" /manifest:embed /DEBUG /PDB:"H:\Development\c++\Thrust\Release\Engine.pdb" /SUBSYSTEM:WINDOWS /OPT:REF /OPT:ICF /LTCG /TLBID:1 /DYNAMICBASE /NXCOMPAT /IMPLIB:"H:\Development\c++\Thrust\Release\Engine.lib" /MACHINE:X86 /SAFESEH Release\D3DGraphics.obj
         Release\dl_dxf.obj
         Release\dl_writer_ascii.obj
         Release\Game.obj
         Release\Keyboard.obj
         Release\Mouse.obj
         Release\Sound.obj
         Release\Timer.obj
         Release\Windows.obj
         ChiliDirectXFramework.res
         Generating code
         Finished generating code
         Engine.vcxproj -> H:\Development\c++\Thrust\Release\Engine.exe
     1>Done Building Project "H:\Development\c++\Thrust\Engine\Engine.vcxproj" (Build target(s)).

Build succeeded.

Time Elapsed 00:00:04.50
