h:\development\c++\thrust\engine\debug\vc120.pdb
h:\development\c++\thrust\engine\debug\game.obj
h:\development\c++\thrust\engine\debug\d3dgraphics.obj
h:\development\c++\thrust\engine\debug\windows.obj
h:\development\c++\thrust\debug\engine.ilk
h:\development\c++\thrust\debug\engine.exe
h:\development\c++\thrust\debug\engine.pdb
h:\development\c++\thrust\engine\debug\dl_dxf.obj
h:\development\c++\thrust\engine\debug\dl_writer_ascii.obj
h:\development\c++\thrust\engine\debug\keyboard.obj
h:\development\c++\thrust\engine\debug\mouse.obj
h:\development\c++\thrust\engine\debug\sound.obj
h:\development\c++\thrust\engine\debug\timer.obj
h:\development\c++\thrust\engine\debug\vc120.idb
h:\development\c++\thrust\engine\debug\engine.tlog\cl.command.1.tlog
h:\development\c++\thrust\engine\debug\engine.tlog\cl.read.1.tlog
h:\development\c++\thrust\engine\debug\engine.tlog\cl.write.1.tlog
h:\development\c++\thrust\engine\debug\engine.tlog\link.command.1.tlog
h:\development\c++\thrust\engine\debug\engine.tlog\link.read.1.tlog
h:\development\c++\thrust\engine\debug\engine.tlog\link.write.1.tlog
